<?xml version="1.0" encoding="UTF-8"?>
<!DOCTYPE beans PUBLIC "-//SPRING//DTD BEAN//EN" "http://www.springframework.org/dtd/spring-beans.dtd">

<beans>
    <bean id="mainPropertyConfigurer" class="org.springframework.beans.factory.config.PropertyPlaceholderConfigurer">
        <property name="properties" ref="dataSourceProperties"/>
        <property name="ignoreUnresolvablePlaceholders" value="true"/>
    </bean>

    <bean id="dataSourceProperties"
          class="edu.northwestern.bioinformatics.studycalendar.database.PscDataSourceSelfDiscoveringPropertiesFactoryBean">
        <property name="applicationDirectoryName" value="@application-short-name@"/>
    </bean>

    <bean id="dataSource" lazy-init="true" class="org.springframework.jdbc.datasource.DriverManagerDataSource">
        <property name="driverClassName" value="${datasource.driver}"/>
        <property name="url"      value="${datasource.url}"/>
        <property name="username" value="${datasource.username}"/>
        <property name="password" value="${datasource.password}"/>
    </bean>
</beans>